# JRE version: OpenJDK Runtime Environment (8.0_152-b02) (build 1.8.0_152-release-1024-b02)
# Java VM: OpenJDK 64-Bit Server VM (25.152-b02 mixed mode windows-amd64 compressed oops)
Heap:
 PSYoungGen      total 490496K, used 473839K [0x00000000e0000000, 0x00000000ffd80000, 0x0000000100000000)
  eden space 462336K, 99% used [0x00000000e0000000,0x00000000fc1e1e00,0x00000000fc380000)
  from space 28160K, 46% used [0x00000000fe200000,0x00000000feed9f78,0x00000000ffd80000)
  to   space 29696K, 0% used [0x00000000fc380000,0x00000000fc380000,0x00000000fe080000)
 ParOldGen       total 396800K, used 56403K [0x00000000a0000000, 0x00000000b8380000, 0x00000000e0000000)
  object space 396800K, 14% used [0x00000000a0000000,0x00000000a3714f98,0x00000000b8380000)
 Metaspace       used 89572K, capacity 95246K, committed 100648K, reserved 1136640K
  class space    used 10916K, capacity 11871K, committed 13104K, reserved 1048576K
GC Heap History (10 events):
Event: 31880.506 GC heap before
{Heap before GC invocations=84 (full 4):
 PSYoungGen      total 491008K, used 472423K [0x00000000e0000000, 0x0000000100000000, 0x0000000100000000)
  eden space 460288K, 100% used [0x00000000e0000000,0x00000000fc180000,0x00000000fc180000)
  from space 30720K, 39% used [0x00000000fc180000,0x00000000fcd59f38,0x00000000fdf80000)
  to   space 30208K, 0% used [0x00000000fe280000,0x00000000fe280000,0x0000000100000000)
 ParOldGen       total 396800K, used 51809K [0x00000000a0000000, 0x00000000b8380000, 0x00000000e0000000)
  object space 396800K, 13% used [0x00000000a0000000,0x00000000a3298518,0x00000000b8380000)
 Metaspace       used 89189K, capacity 94706K, committed 100136K, reserved 1136640K
  class space    used 10886K, capacity 11853K, committed 13104K, reserved 1048576K
Event: 31880.514 GC heap after
Heap after GC invocations=84 (full 4):
 PSYoungGen      total 491008K, used 12940K [0x00000000e0000000, 0x00000000ffd80000, 0x0000000100000000)
  eden space 463360K, 0% used [0x00000000e0000000,0x00000000e0000000,0x00000000fc480000)
  from space 27648K, 46% used [0x00000000fe280000,0x00000000fef23050,0x00000000ffd80000)
  to   space 29184K, 0% used [0x00000000fc480000,0x00000000fc480000,0x00000000fe100000)
 ParOldGen       total 396800K, used 51985K [0x00000000a0000000, 0x00000000b8380000, 0x00000000e0000000)
  object space 396800K, 13% used [0x00000000a0000000,0x00000000a32c4518,0x00000000b8380000)
 Metaspace       used 89189K, capacity 94706K, committed 100136K, reserved 1136640K
  class space    used 10886K, capacity 11853K, committed 13104K, reserved 1048576K
}
Event: 31897.990 GC heap before
{Heap before GC invocations=85 (full 4):
 PSYoungGen      total 491008K, used 476300K [0x00000000e0000000, 0x00000000ffd80000, 0x0000000100000000)
  eden space 463360K, 100% used [0x00000000e0000000,0x00000000fc480000,0x00000000fc480000)
  from space 27648K, 46% used [0x00000000fe280000,0x00000000fef23050,0x00000000ffd80000)
  to   space 29184K, 0% used [0x00000000fc480000,0x00000000fc480000,0x00000000fe100000)
 ParOldGen       total 396800K, used 51985K [0x00000000a0000000, 0x00000000b8380000, 0x00000000e0000000)
  object space 396800K, 13% used [0x00000000a0000000,0x00000000a32c4518,0x00000000b8380000)
 Metaspace       used 89256K, capacity 94804K, committed 100136K, reserved 1136640K
  class space    used 10888K, capacity 11858K, committed 13104K, reserved 1048576K
Event: 31897.999 GC heap after
Heap after GC invocations=85 (full 4):
 PSYoungGen      total 492544K, used 8933K [0x00000000e0000000, 0x0000000100000000, 0x0000000100000000)
  eden space 463360K, 0% used [0x00000000e0000000,0x00000000e0000000,0x00000000fc480000)
  from space 29184K, 30% used [0x00000000fc480000,0x00000000fcd39430,0x00000000fe100000)
  to   space 29184K, 0% used [0x00000000fe380000,0x00000000fe380000,0x0000000100000000)
 ParOldGen       total 396800K, used 54788K [0x00000000a0000000, 0x00000000b8380000, 0x00000000e0000000)
  object space 396800K, 13% used [0x00000000a0000000,0x00000000a3581108,0x00000000b8380000)
 Metaspace       used 89256K, capacity 94804K, committed 100136K, reserved 1136640K
  class space    used 10888K, capacity 11858K, committed 13104K, reserved 1048576K
}
Event: 31900.846 GC heap before
{Heap before GC invocations=86 (full 4):
 PSYoungGen      total 492544K, used 472293K [0x00000000e0000000, 0x0000000100000000, 0x0000000100000000)
  eden space 463360K, 100% used [0x00000000e0000000,0x00000000fc480000,0x00000000fc480000)
  from space 29184K, 30% used [0x00000000fc480000,0x00000000fcd39430,0x00000000fe100000)
  to   space 29184K, 0% used [0x00000000fe380000,0x00000000fe380000,0x0000000100000000)
 ParOldGen       total 396800K, used 54788K [0x00000000a0000000, 0x00000000b8380000, 0x00000000e0000000)
  object space 396800K, 13% used [0x00000000a0000000,0x00000000a3581108,0x00000000b8380000)
 Metaspace       used 89410K, capacity 94980K, committed 100392K, reserved 1136640K
  class space    used 10911K, capacity 11870K, committed 13104K, reserved 1048576K
Event: 31900.860 GC heap after
Heap after GC invocations=86 (full 4):
 PSYoungGen      total 489984K, used 26081K [0x00000000e0000000, 0x0000000100000000, 0x0000000100000000)
  eden space 460800K, 0% used [0x00000000e0000000,0x00000000e0000000,0x00000000fc200000)
  from space 29184K, 89% used [0x00000000fe380000,0x00000000ffcf85e8,0x0000000100000000)
  to   space 31744K, 0% used [0x00000000fc200000,0x00000000fc200000,0x00000000fe100000)
 ParOldGen       total 396800K, used 56331K [0x00000000a0000000, 0x00000000b8380000, 0x00000000e0000000)
  object space 396800K, 14% used [0x00000000a0000000,0x00000000a3702f98,0x00000000b8380000)
 Metaspace       used 89410K, capacity 94980K, committed 100392K, reserved 1136640K
  class space    used 10911K, capacity 11870K, committed 13104K, reserved 1048576K
}
Event: 32007.150 GC heap before
{Heap before GC invocations=87 (full 4):
 PSYoungGen      total 489984K, used 486716K [0x00000000e0000000, 0x0000000100000000, 0x0000000100000000)
  eden space 460800K, 99% used [0x00000000e0000000,0x00000000fc1d6d28,0x00000000fc200000)
  from space 29184K, 89% used [0x00000000fe380000,0x00000000ffcf85e8,0x0000000100000000)
  to   space 31744K, 0% used [0x00000000fc200000,0x00000000fc200000,0x00000000fe100000)
 ParOldGen       total 396800K, used 56331K [0x00000000a0000000, 0x00000000b8380000, 0x00000000e0000000)
  object space 396800K, 14% used [0x00000000a0000000,0x00000000a3702f98,0x00000000b8380000)
 Metaspace       used 89534K, capacity 95246K, committed 100648K, reserved 1136640K
  class space    used 10916K, capacity 11871K, committed 13104K, reserved 1048576K
Event: 32007.167 GC heap after
Heap after GC invocations=87 (full 4):
 PSYoungGen      total 492544K, used 15119K [0x00000000e0000000, 0x00000000fff80000, 0x0000000100000000)
  eden space 460800K, 0% used [0x00000000e0000000,0x00000000e0000000,0x00000000fc200000)
  from space 31744K, 47% used [0x00000000fc200000,0x00000000fd0c3d70,0x00000000fe100000)
  to   space 30208K, 0% used [0x00000000fe200000,0x00000000fe200000,0x00000000fff80000)
 ParOldGen       total 396800K, used 56395K [0x00000000a0000000, 0x00000000b8380000, 0x00000000e0000000)
  object space 396800K, 14% used [0x00000000a0000000,0x00000000a3712f98,0x00000000b8380000)
 Metaspace       used 89534K, capacity 95246K, committed 100648K, reserved 1136640K
  class space    used 10916K, capacity 11871K, committed 13104K, reserved 1048576K
}
Event: 32008.565 GC heap before
{Heap before GC invocations=88 (full 4):
 PSYoungGen      total 492544K, used 475781K [0x00000000e0000000, 0x00000000fff80000, 0x0000000100000000)
  eden space 460800K, 99% used [0x00000000e0000000,0x00000000fc1dd9b0,0x00000000fc200000)
  from space 31744K, 47% used [0x00000000fc200000,0x00000000fd0c3d70,0x00000000fe100000)
  to   space 30208K, 0% used [0x00000000fe200000,0x00000000fe200000,0x00000000fff80000)
 ParOldGen       total 396800K, used 56395K [0x00000000a0000000, 0x00000000b8380000, 0x00000000e0000000)
  object space 396800K, 14% used [0x00000000a0000000,0x00000000a3712f98,0x00000000b8380000)
 Metaspace       used 89541K, capacity 95246K, committed 100648K, reserved 1136640K
  class space    used 10916K, capacity 11871K, committed 13104K, reserved 1048576K
Event: 32008.574 GC heap after
Heap after GC invocations=88 (full 4):
 PSYoungGen      total 490496K, used 13159K [0x00000000e0000000, 0x00000000ffd80000, 0x0000000100000000)
  eden space 462336K, 0% used [0x00000000e0000000,0x00000000e0000000,0x00000000fc380000)
  from space 28160K, 46% used [0x00000000fe200000,0x00000000feed9f78,0x00000000ffd80000)
  to   space 29696K, 0% used [0x00000000fc380000,0x00000000fc380000,0x00000000fe080000)
 ParOldGen       total 396800K, used 56403K [0x00000000a0000000, 0x00000000b8380000, 0x00000000e0000000)
  object space 396800K, 14% used [0x00000000a0000000,0x00000000a3714f98,0x00000000b8380000)
 Metaspace       used 89541K, capacity 95246K, committed 100648K, reserved 1136640K
  class space    used 10916K, capacity 11871K, committed 13104K, reserved 1048576K
}

